{"/home/cashalot/onebytecode/music-collector-bot/modules/index.js":{"path":"/home/cashalot/onebytecode/music-collector-bot/modules/index.js","s":{"1":1,"2":1,"3":1,"4":1,"5":1},"b":{},"f":{},"fnMap":{},"statementMap":{"1":{"start":{"line":3,"column":0},"end":{"line":13,"column":1}},"2":{"start":{"line":4,"column":2},"end":{"line":4,"column":32}},"3":{"start":{"line":5,"column":2},"end":{"line":5,"column":55}},"4":{"start":{"line":7,"column":2},"end":{"line":10,"column":3}},"5":{"start":{"line":12,"column":2},"end":{"line":12,"column":16}}},"branchMap":{}},"/home/cashalot/onebytecode/music-collector-bot/modules/web/index.js":{"path":"/home/cashalot/onebytecode/music-collector-bot/modules/web/index.js","s":{"1":1,"2":1,"3":1,"4":1,"5":1,"6":1},"b":{},"f":{},"fnMap":{},"statementMap":{"1":{"start":{"line":3,"column":0},"end":{"line":3,"column":34}},"2":{"start":{"line":4,"column":0},"end":{"line":15,"column":1}},"3":{"start":{"line":6,"column":2},"end":{"line":6,"column":31}},"4":{"start":{"line":8,"column":2},"end":{"line":8,"column":56}},"5":{"start":{"line":10,"column":2},"end":{"line":12,"column":3}},"6":{"start":{"line":14,"column":2},"end":{"line":14,"column":16}}},"branchMap":{}},"/home/cashalot/onebytecode/music-collector-bot/modules/web/web-request.js":{"path":"/home/cashalot/onebytecode/music-collector-bot/modules/web/web-request.js","s":{"1":1,"2":1,"3":7,"4":7,"5":7,"6":1,"7":6,"8":1,"9":1},"b":{"1":[1,6]},"f":{},"fnMap":{},"statementMap":{"1":{"start":{"line":4,"column":0},"end":{"line":19,"column":1}},"2":{"start":{"line":5,"column":2},"end":{"line":12,"column":3}},"3":{"start":{"line":6,"column":4},"end":{"line":11,"column":6}},"4":{"start":{"line":7,"column":6},"end":{"line":10,"column":8}},"5":{"start":{"line":8,"column":8},"end":{"line":8,"column":35}},"6":{"start":{"line":8,"column":17},"end":{"line":8,"column":35}},"7":{"start":{"line":9,"column":8},"end":{"line":9,"column":35}},"8":{"start":{"line":14,"column":2},"end":{"line":16,"column":3}},"9":{"start":{"line":18,"column":2},"end":{"line":18,"column":16}}},"branchMap":{"1":{"line":8,"type":"if","locations":[{"start":{"line":8,"column":8},"end":{"line":8,"column":8}},{"start":{"line":8,"column":8},"end":{"line":8,"column":8}}]}}},"/home/cashalot/onebytecode/music-collector-bot/modules/request_builder/index.js":{"path":"/home/cashalot/onebytecode/music-collector-bot/modules/request_builder/index.js","s":{"1":1,"2":1,"3":1,"4":1,"5":1},"b":{},"f":{},"fnMap":{},"statementMap":{"1":{"start":{"line":3,"column":0},"end":{"line":13,"column":1}},"2":{"start":{"line":4,"column":2},"end":{"line":4,"column":34}},"3":{"start":{"line":5,"column":2},"end":{"line":5,"column":38}},"4":{"start":{"line":7,"column":2},"end":{"line":10,"column":3}},"5":{"start":{"line":12,"column":2},"end":{"line":12,"column":23}}},"branchMap":{}},"/home/cashalot/onebytecode/music-collector-bot/modules/request_builder/wiki.js":{"path":"/home/cashalot/onebytecode/music-collector-bot/modules/request_builder/wiki.js","s":{"1":1,"2":1,"3":1,"4":1,"5":11,"6":0,"7":11,"8":11,"9":11,"10":11,"11":11,"12":22,"13":11,"14":11,"15":1,"16":3,"17":3,"18":3,"19":3,"20":1,"21":1},"b":{"1":[0,11],"2":[11,11]},"f":{},"fnMap":{},"statementMap":{"1":{"start":{"line":3,"column":0},"end":{"line":3,"column":43}},"2":{"start":{"line":4,"column":0},"end":{"line":30,"column":1}},"3":{"start":{"line":5,"column":2},"end":{"line":5,"column":61}},"4":{"start":{"line":6,"column":2},"end":{"line":15,"column":3}},"5":{"start":{"line":7,"column":4},"end":{"line":7,"column":79}},"6":{"start":{"line":7,"column":37},"end":{"line":7,"column":79}},"7":{"start":{"line":8,"column":4},"end":{"line":8,"column":51}},"8":{"start":{"line":9,"column":4},"end":{"line":9,"column":34}},"9":{"start":{"line":10,"column":4},"end":{"line":10,"column":42}},"10":{"start":{"line":11,"column":4},"end":{"line":11,"column":32}},"11":{"start":{"line":12,"column":4},"end":{"line":12,"column":78}},"12":{"start":{"line":12,"column":63},"end":{"line":12,"column":77}},"13":{"start":{"line":13,"column":4},"end":{"line":13,"column":39}},"14":{"start":{"line":14,"column":4},"end":{"line":14,"column":15}},"15":{"start":{"line":17,"column":2},"end":{"line":22,"column":3}},"16":{"start":{"line":18,"column":4},"end":{"line":18,"column":28}},"17":{"start":{"line":19,"column":4},"end":{"line":19,"column":34}},"18":{"start":{"line":20,"column":4},"end":{"line":20,"column":41}},"19":{"start":{"line":21,"column":4},"end":{"line":21,"column":21}},"20":{"start":{"line":24,"column":2},"end":{"line":27,"column":3}},"21":{"start":{"line":29,"column":2},"end":{"line":29,"column":17}}},"branchMap":{"1":{"line":7,"type":"if","locations":[{"start":{"line":7,"column":4},"end":{"line":7,"column":4}},{"start":{"line":7,"column":4},"end":{"line":7,"column":4}}]},"2":{"line":7,"type":"binary-expr","locations":[{"start":{"line":7,"column":8},"end":{"line":7,"column":29}},{"start":{"line":7,"column":33},"end":{"line":7,"column":35}}]}}},"/home/cashalot/onebytecode/music-collector-bot/modules/request_builder/helpers.js":{"path":"/home/cashalot/onebytecode/music-collector-bot/modules/request_builder/helpers.js","s":{"1":1,"2":51,"3":51,"4":51,"5":51,"6":51,"7":1,"8":17,"9":17,"10":10,"11":7,"12":20,"13":1,"14":14,"15":0,"16":14,"17":14,"18":1},"b":{"1":[10,7],"2":[0,14],"3":[14,14],"4":[14,0]},"f":{"1":51},"fnMap":{"1":{"name":"(anonymous_1)","line":3,"loc":{"start":{"line":3,"column":29},"end":{"line":3,"column":40}}}},"statementMap":{"1":{"start":{"line":3,"column":0},"end":{"line":9,"column":1}},"2":{"start":{"line":4,"column":2},"end":{"line":4,"column":29}},"3":{"start":{"line":5,"column":2},"end":{"line":5,"column":37}},"4":{"start":{"line":6,"column":2},"end":{"line":6,"column":47}},"5":{"start":{"line":7,"column":2},"end":{"line":7,"column":21}},"6":{"start":{"line":8,"column":2},"end":{"line":8,"column":10}},"7":{"start":{"line":11,"column":0},"end":{"line":15,"column":1}},"8":{"start":{"line":12,"column":2},"end":{"line":12,"column":31}},"9":{"start":{"line":13,"column":2},"end":{"line":13,"column":48}},"10":{"start":{"line":13,"column":25},"end":{"line":13,"column":48}},"11":{"start":{"line":14,"column":2},"end":{"line":14,"column":73}},"12":{"start":{"line":14,"column":34},"end":{"line":14,"column":72}},"13":{"start":{"line":16,"column":0},"end":{"line":19,"column":1}},"14":{"start":{"line":17,"column":2},"end":{"line":17,"column":91}},"15":{"start":{"line":17,"column":37},"end":{"line":17,"column":91}},"16":{"start":{"line":18,"column":2},"end":{"line":18,"column":47}},"17":{"start":{"line":18,"column":23},"end":{"line":18,"column":47}},"18":{"start":{"line":21,"column":0},"end":{"line":21,"column":45}}},"branchMap":{"1":{"line":13,"type":"if","locations":[{"start":{"line":13,"column":2},"end":{"line":13,"column":2}},{"start":{"line":13,"column":2},"end":{"line":13,"column":2}}]},"2":{"line":17,"type":"if","locations":[{"start":{"line":17,"column":2},"end":{"line":17,"column":2}},{"start":{"line":17,"column":2},"end":{"line":17,"column":2}}]},"3":{"line":17,"type":"binary-expr","locations":[{"start":{"line":17,"column":6},"end":{"line":17,"column":28}},{"start":{"line":17,"column":32},"end":{"line":17,"column":35}}]},"4":{"line":18,"type":"if","locations":[{"start":{"line":18,"column":2},"end":{"line":18,"column":2}},{"start":{"line":18,"column":2},"end":{"line":18,"column":2}}]}}}}