TN:
SF:/home/cashalot/onebytecode/music-collector-bot/modules/index.js
FNF:0
FNH:0
DA:3,1
DA:4,1
DA:5,1
DA:7,1
DA:12,1
LF:5
LH:5
BRF:0
BRH:0
end_of_record
TN:
SF:/home/cashalot/onebytecode/music-collector-bot/modules/web/index.js
FNF:0
FNH:0
DA:3,1
DA:4,1
DA:6,1
DA:8,1
DA:10,1
DA:14,1
LF:6
LH:6
BRF:0
BRH:0
end_of_record
TN:
SF:/home/cashalot/onebytecode/music-collector-bot/modules/web/web-request.js
FNF:0
FNH:0
DA:4,1
DA:5,1
DA:6,2
DA:7,2
DA:8,2
DA:9,1
DA:14,1
DA:18,1
LF:8
LH:8
BRDA:8,1,0,1
BRDA:8,1,1,1
BRF:2
BRH:2
end_of_record
TN:
SF:/home/cashalot/onebytecode/music-collector-bot/modules/request_builder/index.js
FNF:0
FNH:0
DA:3,1
DA:4,1
DA:6,1
DA:10,1
LF:4
LH:4
BRF:0
BRH:0
end_of_record
TN:
SF:/home/cashalot/onebytecode/music-collector-bot/modules/request_builder/bands_request.js
FNF:0
FNH:0
DA:3,1
DA:4,1
DA:5,1
DA:6,1
DA:7,1
DA:8,1
DA:9,2
DA:10,1
DA:11,1
DA:14,1
DA:18,1
LF:11
LH:11
BRF:0
BRH:0
end_of_record
