TN:
SF:/home/cashalot/onebytecode/music-collector-bot/modules/index.js
FNF:0
FNH:0
DA:3,1
DA:4,1
DA:5,1
DA:7,1
DA:12,1
LF:5
LH:5
BRF:0
BRH:0
end_of_record
TN:
SF:/home/cashalot/onebytecode/music-collector-bot/modules/web/index.js
FNF:0
FNH:0
DA:3,1
DA:4,1
DA:6,1
DA:8,1
DA:10,1
DA:14,1
LF:6
LH:6
BRF:0
BRH:0
end_of_record
TN:
SF:/home/cashalot/onebytecode/music-collector-bot/modules/web/web-request.js
FNF:0
FNH:0
DA:4,1
DA:5,1
DA:6,7
DA:7,7
DA:8,7
DA:9,6
DA:14,1
DA:18,1
LF:8
LH:8
BRDA:8,1,0,1
BRDA:8,1,1,6
BRF:2
BRH:2
end_of_record
TN:
SF:/home/cashalot/onebytecode/music-collector-bot/modules/request_builder/index.js
FNF:0
FNH:0
DA:3,1
DA:4,1
DA:5,1
DA:7,1
DA:12,1
LF:5
LH:5
BRF:0
BRH:0
end_of_record
TN:
SF:/home/cashalot/onebytecode/music-collector-bot/modules/request_builder/wiki.js
FNF:0
FNH:0
DA:3,1
DA:4,1
DA:5,1
DA:6,1
DA:7,11
DA:8,11
DA:9,11
DA:10,11
DA:11,11
DA:12,22
DA:13,11
DA:14,11
DA:17,1
DA:18,3
DA:19,3
DA:20,3
DA:21,3
DA:24,1
DA:29,1
LF:19
LH:19
BRDA:7,1,0,0
BRDA:7,1,1,11
BRDA:7,2,0,11
BRDA:7,2,1,11
BRF:4
BRH:3
end_of_record
TN:
SF:/home/cashalot/onebytecode/music-collector-bot/modules/request_builder/helpers.js
FN:3,(anonymous_1)
FNF:1
FNH:1
FNDA:51,(anonymous_1)
DA:3,1
DA:4,51
DA:5,51
DA:6,51
DA:7,51
DA:8,51
DA:11,1
DA:12,17
DA:13,17
DA:14,20
DA:16,1
DA:17,14
DA:18,14
DA:21,1
LF:14
LH:14
BRDA:13,1,0,10
BRDA:13,1,1,7
BRDA:17,2,0,0
BRDA:17,2,1,14
BRDA:17,3,0,14
BRDA:17,3,1,14
BRDA:18,4,0,14
BRDA:18,4,1,0
BRF:8
BRH:6
end_of_record
